<?xml version="1.0" encoding="UTF-8"?>
<testsuite name="PostmanAPITests$PostBodyRequest" tests="1" skipped="0" failures="0" errors="0" timestamp="2022-10-27T09:17:47" hostname="C11-KW9SA2ZGDKB" time="2.014">
  <properties/>
  <testcase name="given posts when get request triggered then status code 200 and 100 results obtained()" classname="PostmanAPITests$PostBodyRequest" time="2.014"/>
  <system-out><![CDATA[]]></system-out>
  <system-err><![CDATA[]]></system-err>
</testsuite>
