<?xml version="1.0" encoding="UTF-8"?>
<testsuite name="PostmanAPITests$PostBodyRequest" tests="1" skipped="0" failures="0" errors="0" timestamp="2022-10-27T11:32:29" hostname="C11-KW9SA2ZGDKB" time="2.381">
  <properties/>
  <testcase name="check the endpoint posts delete a record created then get status code 200()" classname="PostmanAPITests$PostBodyRequest" time="2.381"/>
  <system-out><![CDATA[]]></system-out>
  <system-err><![CDATA[]]></system-err>
</testsuite>
